{
  "RSpec": {
    "coverage": {
      "/Users/klaudia/DEV/Turing/mod_2/projects/relational_rails/final/relational_rails_app/config/environment.rb": {
        "lines": [
          null,
          1,
          null,
          null,
          1
        ]
      },
      "/Users/klaudia/DEV/Turing/mod_2/projects/relational_rails/final/relational_rails_app/config/application.rb": {
        "lines": [
          1,
          null,
          1,
          null,
          1,
          1,
          1,
          1,
          1,
          1,
          1,
          1,
          1,
          null,
          null,
          null,
          null,
          1,
          null,
          1,
          1,
          null,
          1,
          null,
          null,
          null,
          null,
          null,
          null,
          null,
          1,
          null,
          null
        ]
      },
      "/Users/klaudia/DEV/Turing/mod_2/projects/relational_rails/final/relational_rails_app/config/boot.rb": {
        "lines": [
          1,
          null,
          1,
          1
        ]
      },
      "/Users/klaudia/DEV/Turing/mod_2/projects/relational_rails/final/relational_rails_app/config/environments/test.rb": {
        "lines": [
          1,
          null,
          null,
          null,
          null,
          null,
          null,
          1,
          null,
          null,
          null,
          null,
          1,
          null,
          null,
          1,
          1,
          null,
          null,
          null,
          null,
          1,
          1,
          null,
          null,
          1,
          null,
          null,
          1,
          null,
          null,
          1,
          null,
          1,
          null,
          null,
          null,
          null,
          1,
          null,
          null,
          1,
          null,
          null,
          null,
          null
        ]
      },
      "/Users/klaudia/DEV/Turing/mod_2/projects/relational_rails/final/relational_rails_app/config/initializers/application_controller_renderer.rb": {
        "lines": [
          null,
          null,
          null,
          null,
          null,
          null,
          null,
          null
        ]
      },
      "/Users/klaudia/DEV/Turing/mod_2/projects/relational_rails/final/relational_rails_app/config/initializers/assets.rb": {
        "lines": [
          null,
          null,
          null,
          1,
          null,
          null,
          null,
          null,
          1,
          null,
          null,
          null,
          null,
          null
        ]
      },
      "/Users/klaudia/DEV/Turing/mod_2/projects/relational_rails/final/relational_rails_app/config/initializers/backtrace_silencers.rb": {
        "lines": [
          null,
          null,
          null,
          null,
          null,
          null,
          null
        ]
      },
      "/Users/klaudia/DEV/Turing/mod_2/projects/relational_rails/final/relational_rails_app/config/initializers/content_security_policy.rb": {
        "lines": [
          null,
          null,
          null,
          null,
          null,
          null,
          null,
          null,
          null,
          null,
          null,
          null,
          null,
          null,
          null,
          null,
          null,
          null,
          null,
          null,
          null,
          null,
          null,
          null,
          null
        ]
      },
      "/Users/klaudia/DEV/Turing/mod_2/projects/relational_rails/final/relational_rails_app/config/initializers/cookies_serializer.rb": {
        "lines": [
          null,
          null,
          null,
          null,
          1
        ]
      },
      "/Users/klaudia/DEV/Turing/mod_2/projects/relational_rails/final/relational_rails_app/config/initializers/filter_parameter_logging.rb": {
        "lines": [
          null,
          null,
          null,
          1
        ]
      },
      "/Users/klaudia/DEV/Turing/mod_2/projects/relational_rails/final/relational_rails_app/config/initializers/inflections.rb": {
        "lines": [
          null,
          null,
          null,
          null,
          null,
          null,
          null,
          null,
          null,
          null,
          null,
          null,
          null,
          null,
          null,
          null
        ]
      },
      "/Users/klaudia/DEV/Turing/mod_2/projects/relational_rails/final/relational_rails_app/config/initializers/mime_types.rb": {
        "lines": [
          null,
          null,
          null,
          null
        ]
      },
      "/Users/klaudia/DEV/Turing/mod_2/projects/relational_rails/final/relational_rails_app/config/initializers/wrap_parameters.rb": {
        "lines": [
          null,
          null,
          null,
          null,
          null,
          null,
          1,
          2,
          null,
          null,
          null,
          null,
          null,
          null
        ]
      },
      "/Users/klaudia/DEV/Turing/mod_2/projects/relational_rails/final/relational_rails_app/config/routes.rb": {
        "lines": [
          1,
          null,
          1,
          null,
          1,
          1,
          1,
          1,
          null,
          1,
          1,
          1,
          1,
          1,
          null,
          1,
          1,
          null,
          1,
          1,
          1,
          1,
          1,
          null,
          1,
          1,
          null,
          1,
          1,
          null
        ]
      },
      "/Users/klaudia/DEV/Turing/mod_2/projects/relational_rails/final/relational_rails_app/app/helpers/application_helper.rb": {
        "lines": [
          1,
          null
        ]
      },
      "/Users/klaudia/DEV/Turing/mod_2/projects/relational_rails/final/relational_rails_app/spec/features/flavors/new_flavor_spec.rb": {
        "lines": [
          1,
          null,
          1,
          1,
          1,
          null,
          1,
          null,
          1,
          1,
          null,
          null,
          null,
          null,
          null,
          null,
          null,
          null,
          null,
          null,
          1,
          1,
          null,
          1,
          null,
          1,
          1,
          1,
          null,
          null
        ]
      },
      "/Users/klaudia/DEV/Turing/mod_2/projects/relational_rails/final/relational_rails_app/spec/features/flavors/show_flavor_attributes_spec.rb": {
        "lines": [
          1,
          null,
          1,
          1,
          1,
          null,
          1,
          null,
          1,
          1,
          null,
          null,
          1,
          1,
          null,
          1,
          null,
          null,
          0,
          0,
          0,
          0,
          null,
          null
        ]
      },
      "/Users/klaudia/DEV/Turing/mod_2/projects/relational_rails/final/relational_rails_app/spec/features/shops/index_spec.rb": {
        "lines": [
          1,
          null,
          1,
          1,
          1,
          1,
          null,
          1,
          null,
          1,
          1,
          1,
          1,
          null,
          null,
          1,
          null,
          1,
          null,
          1,
          1,
          null,
          null,
          1,
          1,
          null,
          1,
          null,
          1,
          null,
          null
        ]
      },
      "/Users/klaudia/DEV/Turing/mod_2/projects/relational_rails/final/relational_rails_app/spec/features/shops/new_shop_spec.rb": {
        "lines": [
          1,
          null,
          1,
          1,
          1,
          null,
          1,
          1,
          null,
          null,
          1,
          1,
          null,
          1,
          null,
          null,
          1,
          1,
          null,
          1,
          1,
          1,
          null,
          null,
          1,
          null,
          1,
          1,
          null,
          null
        ]
      },
      "/Users/klaudia/DEV/Turing/mod_2/projects/relational_rails/final/relational_rails_app/spec/features/shops/pc_index_flavors_at_shop_spec.rb": {
        "lines": [
          1,
          null,
          1,
          1,
          1,
          1,
          null,
          1,
          1,
          null,
          null,
          1,
          1,
          1,
          null,
          1,
          null,
          null,
          1,
          1,
          1,
          null,
          null,
          null,
          null,
          1,
          null,
          1,
          1,
          1,
          0,
          0,
          null,
          null
        ]
      },
      "/Users/klaudia/DEV/Turing/mod_2/projects/relational_rails/final/relational_rails_app/spec/features/shops/show_shop_spec.rb": {
        "lines": [
          1,
          null,
          1,
          1,
          1,
          null,
          1,
          null,
          1,
          1,
          1,
          1,
          1,
          null,
          null,
          1,
          1,
          1,
          null,
          null,
          null,
          null,
          null,
          null,
          1,
          1,
          null,
          null,
          1,
          1,
          1,
          null,
          1,
          1,
          null,
          null,
          1,
          1,
          1,
          null,
          1,
          null,
          null
        ]
      },
      "/Users/klaudia/DEV/Turing/mod_2/projects/relational_rails/final/relational_rails_app/spec/models/flavor_spec.rb": {
        "lines": [
          1,
          null,
          1,
          1,
          2,
          null,
          null,
          1,
          null,
          null,
          null,
          2,
          2,
          2,
          2,
          2,
          2,
          null,
          null
        ]
      },
      "/Users/klaudia/DEV/Turing/mod_2/projects/relational_rails/final/relational_rails_app/app/models/flavor.rb": {
        "lines": [
          1,
          1,
          null
        ]
      },
      "/Users/klaudia/DEV/Turing/mod_2/projects/relational_rails/final/relational_rails_app/app/models/application_record.rb": {
        "lines": [
          1,
          1,
          null
        ]
      },
      "/Users/klaudia/DEV/Turing/mod_2/projects/relational_rails/final/relational_rails_app/spec/models/shop_spec.rb": {
        "lines": [
          1,
          null,
          1,
          1,
          2,
          null,
          null,
          1,
          null,
          null,
          null,
          2,
          2,
          2,
          2,
          2,
          null,
          null
        ]
      },
      "/Users/klaudia/DEV/Turing/mod_2/projects/relational_rails/final/relational_rails_app/app/models/shop.rb": {
        "lines": [
          1,
          1,
          null,
          null,
          null
        ]
      },
      "/Users/klaudia/DEV/Turing/mod_2/projects/relational_rails/final/relational_rails_app/app/controllers/flavors_controller.rb": {
        "lines": [
          1,
          1,
          11,
          null,
          null,
          1,
          null,
          2,
          null,
          null,
          null,
          1,
          1,
          null,
          null,
          1,
          0,
          0,
          null,
          0,
          null,
          null,
          null,
          null,
          null,
          null,
          null,
          null,
          null,
          null,
          0,
          null,
          null
        ]
      },
      "/Users/klaudia/DEV/Turing/mod_2/projects/relational_rails/final/relational_rails_app/app/controllers/application_controller.rb": {
        "lines": [
          1,
          null
        ]
      },
      "/Users/klaudia/DEV/Turing/mod_2/projects/relational_rails/final/relational_rails_app/app/controllers/shops_controller.rb": {
        "lines": [
          1,
          1,
          11,
          11,
          null,
          null,
          1,
          4,
          4,
          null,
          null,
          1,
          5,
          5,
          null,
          null,
          1,
          0,
          0,
          null,
          null,
          1,
          null,
          null,
          1,
          1,
          null,
          null,
          null,
          null,
          1,
          1,
          null,
          null,
          null
        ]
      }
    },
    "timestamp": 1616969173
  }
}
